2022-11-16 20:22:52,138 [Worker-2: Loading available Gradle versions] INFO  o.e.b.c.i.u.g.PublishedGradleVersions - Gradle version information cache is up-to-date. Trying to read.
2022-11-16 20:42:07,502 [Worker-3: Loading available Gradle versions] INFO  o.e.b.c.i.u.g.PublishedGradleVersions - Gradle version information cache is up-to-date. Trying to read.
2022-11-16 23:50:18,851 [Worker-6: Loading available Gradle versions] INFO  o.e.b.c.i.u.g.PublishedGradleVersions - Gradle version information cache is up-to-date. Trying to read.
2022-11-17 14:27:39,525 [Worker-5: Loading available Gradle versions] INFO  o.e.b.c.i.u.g.PublishedGradleVersions - Gradle version information cache is up-to-date. Trying to read.
2022-11-17 22:38:16,683 [Worker-1: Loading available Gradle versions] INFO  o.e.b.c.i.u.g.PublishedGradleVersions - Gradle version information cache is out-of-date. Trying to update.
2022-11-18 12:10:37,082 [Worker-2: Loading available Gradle versions] INFO  o.e.b.c.i.u.g.PublishedGradleVersions - Gradle version information cache is up-to-date. Trying to read.
2022-11-18 16:57:21,032 [Worker-5: Loading available Gradle versions] INFO  o.e.b.c.i.u.g.PublishedGradleVersions - Gradle version information cache is up-to-date. Trying to read.
2022-11-18 17:02:50,544 [Worker-3: Loading available Gradle versions] INFO  o.e.b.c.i.u.g.PublishedGradleVersions - Gradle version information cache is up-to-date. Trying to read.
2022-11-23 23:17:06,056 [Worker-6: Loading available Gradle versions] INFO  o.e.b.c.i.u.g.PublishedGradleVersions - Gradle version information cache is up-to-date. Trying to read.
2022-11-24 13:53:58,815 [Worker-5: Loading available Gradle versions] INFO  o.e.b.c.i.u.g.PublishedGradleVersions - Gradle version information cache is up-to-date. Trying to read.
2022-11-24 19:28:58,254 [Worker-5: Loading available Gradle versions] INFO  o.e.b.c.i.u.g.PublishedGradleVersions - Gradle version information cache is out-of-date. Trying to update.
2022-11-25 12:44:26,841 [Worker-5: Loading available Gradle versions] INFO  o.e.b.c.i.u.g.PublishedGradleVersions - Gradle version information cache is up-to-date. Trying to read.
2022-11-25 17:29:45,305 [Worker-5: Loading available Gradle versions] INFO  o.e.b.c.i.u.g.PublishedGradleVersions - Gradle version information cache is up-to-date. Trying to read.
2022-11-26 12:42:20,566 [Worker-2: Loading available Gradle versions] INFO  o.e.b.c.i.u.g.PublishedGradleVersions - Gradle version information cache is up-to-date. Trying to read.
2022-11-26 18:03:42,518 [Worker-6: Loading available Gradle versions] INFO  o.e.b.c.i.u.g.PublishedGradleVersions - Gradle version information cache is up-to-date. Trying to read.
2022-11-27 14:54:09,068 [Worker-5: Loading available Gradle versions] INFO  o.e.b.c.i.u.g.PublishedGradleVersions - Gradle version information cache is out-of-date. Trying to update.
2022-11-27 18:50:32,366 [Worker-4: Loading available Gradle versions] INFO  o.e.b.c.i.u.g.PublishedGradleVersions - Gradle version information cache is up-to-date. Trying to read.
2022-11-30 12:31:25,684 [Worker-0: Loading available Gradle versions] INFO  o.e.b.c.i.u.g.PublishedGradleVersions - Gradle version information cache is up-to-date. Trying to read.
2022-11-30 12:32:12,053 [Worker-11: http://dl.bintray.com/testng-team/testng-p2-release/p2.index] INFO  o.a.h.c.h.i.c.HttpRequestRetryExec - Recoverable I/O exception (org.apache.hc.core5.http.NoHttpResponseException) caught when processing request to {}->http://dl.bintray.com:80
2022-11-30 12:32:13,081 [Worker-12: http://dl.bintray.com/testng-team/testng-p2-release/p2.index] INFO  o.a.h.c.h.i.c.HttpRequestRetryExec - Recoverable I/O exception (org.apache.hc.core5.http.NoHttpResponseException) caught when processing request to {}->http://dl.bintray.com:80
2022-11-30 12:32:13,883 [Worker-18: http://dl.bintray.com/testng-team/testng-p2-release/content.jar] INFO  o.a.h.c.h.i.c.HttpRequestRetryExec - Recoverable I/O exception (org.apache.hc.core5.http.NoHttpResponseException) caught when processing request to {}->http://dl.bintray.com:80
2022-11-30 12:32:14,756 [Worker-2: http://dl.bintray.com/testng-team/testng-p2-release/content.xml] INFO  o.a.h.c.h.i.c.HttpRequestRetryExec - Recoverable I/O exception (org.apache.hc.core5.http.NoHttpResponseException) caught when processing request to {}->http://dl.bintray.com:80
2022-11-30 12:33:03,425 [Worker-28: http://dl.bintray.com/testng-team/testng-p2-release/p2.index] INFO  o.a.h.c.h.i.c.HttpRequestRetryExec - Recoverable I/O exception (org.apache.hc.core5.http.NoHttpResponseException) caught when processing request to {}->http://dl.bintray.com:80
2022-11-30 12:33:05,494 [Worker-20: http://dl.bintray.com/testng-team/testng-p2-release/p2.index] INFO  o.a.h.c.h.i.c.HttpRequestRetryExec - Recoverable I/O exception (org.apache.hc.core5.http.NoHttpResponseException) caught when processing request to {}->http://dl.bintray.com:80
2022-11-30 12:33:06,346 [Worker-12: http://dl.bintray.com/testng-team/testng-p2-release/content.jar] INFO  o.a.h.c.h.i.c.HttpRequestRetryExec - Recoverable I/O exception (org.apache.hc.core5.http.NoHttpResponseException) caught when processing request to {}->http://dl.bintray.com:80
2022-11-30 12:33:07,196 [Worker-4: http://dl.bintray.com/testng-team/testng-p2-release/content.xml] INFO  o.a.h.c.h.i.c.HttpRequestRetryExec - Recoverable I/O exception (org.apache.hc.core5.http.NoHttpResponseException) caught when processing request to {}->http://dl.bintray.com:80
2022-11-30 12:33:21,343 [Worker-15: http://dl.bintray.com/testng-team/testng-p2-release/p2.index] INFO  o.a.h.c.h.i.c.HttpRequestRetryExec - Recoverable I/O exception (org.apache.hc.core5.http.NoHttpResponseException) caught when processing request to {}->http://dl.bintray.com:80
2022-11-30 12:33:22,389 [Worker-7: http://dl.bintray.com/testng-team/testng-p2-release/p2.index] INFO  o.a.h.c.h.i.c.HttpRequestRetryExec - Recoverable I/O exception (org.apache.hc.core5.http.NoHttpResponseException) caught when processing request to {}->http://dl.bintray.com:80
2022-11-30 12:33:23,315 [Worker-25: http://dl.bintray.com/testng-team/testng-p2-release/content.jar] INFO  o.a.h.c.h.i.c.HttpRequestRetryExec - Recoverable I/O exception (org.apache.hc.core5.http.NoHttpResponseException) caught when processing request to {}->http://dl.bintray.com:80
2022-11-30 12:33:24,148 [Worker-23: http://dl.bintray.com/testng-team/testng-p2-release/content.xml] INFO  o.a.h.c.h.i.c.HttpRequestRetryExec - Recoverable I/O exception (org.apache.hc.core5.http.NoHttpResponseException) caught when processing request to {}->http://dl.bintray.com:80
2022-11-30 12:33:46,042 [Worker-10: http://dl.bintray.com/testng-team/testng-p2-release/p2.index] INFO  o.a.h.c.h.i.c.HttpRequestRetryExec - Recoverable I/O exception (org.apache.hc.core5.http.NoHttpResponseException) caught when processing request to {}->http://dl.bintray.com:80
2022-11-30 12:33:47,138 [Worker-6: http://dl.bintray.com/testng-team/testng-p2-release/p2.index] INFO  o.a.h.c.h.i.c.HttpRequestRetryExec - Recoverable I/O exception (org.apache.hc.core5.http.NoHttpResponseException) caught when processing request to {}->http://dl.bintray.com:80
2022-11-30 12:33:47,968 [Worker-1: http://dl.bintray.com/testng-team/testng-p2-release/content.jar] INFO  o.a.h.c.h.i.c.HttpRequestRetryExec - Recoverable I/O exception (org.apache.hc.core5.http.NoHttpResponseException) caught when processing request to {}->http://dl.bintray.com:80
2022-11-30 12:33:48,788 [Worker-14: http://dl.bintray.com/testng-team/testng-p2-release/content.xml] INFO  o.a.h.c.h.i.c.HttpRequestRetryExec - Recoverable I/O exception (org.apache.hc.core5.http.NoHttpResponseException) caught when processing request to {}->http://dl.bintray.com:80
2022-11-30 12:34:02,891 [Worker-19: http://dl.bintray.com/testng-team/testng-p2-release/p2.index] INFO  o.a.h.c.h.i.c.HttpRequestRetryExec - Recoverable I/O exception (org.apache.hc.core5.http.NoHttpResponseException) caught when processing request to {}->http://dl.bintray.com:80
2022-11-30 12:34:03,967 [Worker-13: http://dl.bintray.com/testng-team/testng-p2-release/p2.index] INFO  o.a.h.c.h.i.c.HttpRequestRetryExec - Recoverable I/O exception (org.apache.hc.core5.http.NoHttpResponseException) caught when processing request to {}->http://dl.bintray.com:80
2022-11-30 12:34:04,886 [Worker-4: http://dl.bintray.com/testng-team/testng-p2-release/content.jar] INFO  o.a.h.c.h.i.c.HttpRequestRetryExec - Recoverable I/O exception (org.apache.hc.core5.http.NoHttpResponseException) caught when processing request to {}->http://dl.bintray.com:80
2022-11-30 12:34:05,799 [Worker-22: http://dl.bintray.com/testng-team/testng-p2-release/content.xml] INFO  o.a.h.c.h.i.c.HttpRequestRetryExec - Recoverable I/O exception (org.apache.hc.core5.http.NoHttpResponseException) caught when processing request to {}->http://dl.bintray.com:80
2022-11-30 12:34:20,152 [Worker-22: http://dl.bintray.com/testng-team/testng-p2-release/p2.index] INFO  o.a.h.c.h.i.c.HttpRequestRetryExec - Recoverable I/O exception (org.apache.hc.core5.http.NoHttpResponseException) caught when processing request to {}->http://dl.bintray.com:80
2022-11-30 12:34:21,189 [Worker-15: http://dl.bintray.com/testng-team/testng-p2-release/p2.index] INFO  o.a.h.c.h.i.c.HttpRequestRetryExec - Recoverable I/O exception (org.apache.hc.core5.http.NoHttpResponseException) caught when processing request to {}->http://dl.bintray.com:80
2022-11-30 12:34:22,047 [Worker-17: http://dl.bintray.com/testng-team/testng-p2-release/content.jar] INFO  o.a.h.c.h.i.c.HttpRequestRetryExec - Recoverable I/O exception (org.apache.hc.core5.http.NoHttpResponseException) caught when processing request to {}->http://dl.bintray.com:80
2022-11-30 12:34:22,915 [Worker-26: http://dl.bintray.com/testng-team/testng-p2-release/content.xml] INFO  o.a.h.c.h.i.c.HttpRequestRetryExec - Recoverable I/O exception (org.apache.hc.core5.http.NoHttpResponseException) caught when processing request to {}->http://dl.bintray.com:80
2022-11-30 12:34:36,224 [Worker-10: http://dl.bintray.com/testng-team/testng-p2-release/p2.index] INFO  o.a.h.c.h.i.c.HttpRequestRetryExec - Recoverable I/O exception (org.apache.hc.core5.http.NoHttpResponseException) caught when processing request to {}->http://dl.bintray.com:80
2022-11-30 12:34:37,234 [Worker-1: http://dl.bintray.com/testng-team/testng-p2-release/p2.index] INFO  o.a.h.c.h.i.c.HttpRequestRetryExec - Recoverable I/O exception (org.apache.hc.core5.http.NoHttpResponseException) caught when processing request to {}->http://dl.bintray.com:80
2022-11-30 12:34:38,039 [Worker-23: http://dl.bintray.com/testng-team/testng-p2-release/content.jar] INFO  o.a.h.c.h.i.c.HttpRequestRetryExec - Recoverable I/O exception (org.apache.hc.core5.http.NoHttpResponseException) caught when processing request to {}->http://dl.bintray.com:80
2022-11-30 12:34:38,969 [Worker-17: http://dl.bintray.com/testng-team/testng-p2-release/content.xml] INFO  o.a.h.c.h.i.c.HttpRequestRetryExec - Recoverable I/O exception (org.apache.hc.core5.http.NoHttpResponseException) caught when processing request to {}->http://dl.bintray.com:80
2022-11-30 12:34:53,193 [Worker-12: http://dl.bintray.com/testng-team/testng-p2-release/p2.index] INFO  o.a.h.c.h.i.c.HttpRequestRetryExec - Recoverable I/O exception (org.apache.hc.core5.http.NoHttpResponseException) caught when processing request to {}->http://dl.bintray.com:80
2022-11-30 12:34:54,265 [Worker-4: http://dl.bintray.com/testng-team/testng-p2-release/p2.index] INFO  o.a.h.c.h.i.c.HttpRequestRetryExec - Recoverable I/O exception (org.apache.hc.core5.http.NoHttpResponseException) caught when processing request to {}->http://dl.bintray.com:80
2022-11-30 12:34:55,192 [Worker-20: http://dl.bintray.com/testng-team/testng-p2-release/content.jar] INFO  o.a.h.c.h.i.c.HttpRequestRetryExec - Recoverable I/O exception (org.apache.hc.core5.http.NoHttpResponseException) caught when processing request to {}->http://dl.bintray.com:80
2022-11-30 12:34:56,143 [Worker-23: http://dl.bintray.com/testng-team/testng-p2-release/content.xml] INFO  o.a.h.c.h.i.c.HttpRequestRetryExec - Recoverable I/O exception (org.apache.hc.core5.http.NoHttpResponseException) caught when processing request to {}->http://dl.bintray.com:80
2022-11-30 12:35:10,218 [Worker-14: http://dl.bintray.com/testng-team/testng-p2-release/p2.index] INFO  o.a.h.c.h.i.c.HttpRequestRetryExec - Recoverable I/O exception (org.apache.hc.core5.http.NoHttpResponseException) caught when processing request to {}->http://dl.bintray.com:80
2022-11-30 12:35:11,234 [Worker-13: http://dl.bintray.com/testng-team/testng-p2-release/p2.index] INFO  o.a.h.c.h.i.c.HttpRequestRetryExec - Recoverable I/O exception (org.apache.hc.core5.http.NoHttpResponseException) caught when processing request to {}->http://dl.bintray.com:80
2022-11-30 12:35:12,120 [Worker-22: http://dl.bintray.com/testng-team/testng-p2-release/content.jar] INFO  o.a.h.c.h.i.c.HttpRequestRetryExec - Recoverable I/O exception (org.apache.hc.core5.http.NoHttpResponseException) caught when processing request to {}->http://dl.bintray.com:80
2022-11-30 12:35:13,010 [Worker-2: http://dl.bintray.com/testng-team/testng-p2-release/content.xml] INFO  o.a.h.c.h.i.c.HttpRequestRetryExec - Recoverable I/O exception (org.apache.hc.core5.http.NoHttpResponseException) caught when processing request to {}->http://dl.bintray.com:80
2022-11-30 12:35:29,978 [Worker-20: http://dl.bintray.com/testng-team/testng-p2-release/p2.index] INFO  o.a.h.c.h.i.c.HttpRequestRetryExec - Recoverable I/O exception (org.apache.hc.core5.http.NoHttpResponseException) caught when processing request to {}->http://dl.bintray.com:80
2022-11-30 12:35:31,185 [Worker-13: http://dl.bintray.com/testng-team/testng-p2-release/p2.index] INFO  o.a.h.c.h.i.c.HttpRequestRetryExec - Recoverable I/O exception (org.apache.hc.core5.http.NoHttpResponseException) caught when processing request to {}->http://dl.bintray.com:80
2022-11-30 12:35:32,048 [Worker-11: http://dl.bintray.com/testng-team/testng-p2-release/content.jar] INFO  o.a.h.c.h.i.c.HttpRequestRetryExec - Recoverable I/O exception (org.apache.hc.core5.http.NoHttpResponseException) caught when processing request to {}->http://dl.bintray.com:80
2022-11-30 12:35:32,930 [Worker-22: http://dl.bintray.com/testng-team/testng-p2-release/content.xml] INFO  o.a.h.c.h.i.c.HttpRequestRetryExec - Recoverable I/O exception (org.apache.hc.core5.http.NoHttpResponseException) caught when processing request to {}->http://dl.bintray.com:80
2022-11-30 12:35:47,393 [Worker-6: http://dl.bintray.com/testng-team/testng-p2-release/p2.index] INFO  o.a.h.c.h.i.c.HttpRequestRetryExec - Recoverable I/O exception (org.apache.hc.core5.http.NoHttpResponseException) caught when processing request to {}->http://dl.bintray.com:80
2022-11-30 12:35:48,546 [Worker-24: http://dl.bintray.com/testng-team/testng-p2-release/p2.index] INFO  o.a.h.c.h.i.c.HttpRequestRetryExec - Recoverable I/O exception (org.apache.hc.core5.http.NoHttpResponseException) caught when processing request to {}->http://dl.bintray.com:80
2022-11-30 12:35:49,511 [Worker-10: http://dl.bintray.com/testng-team/testng-p2-release/content.jar] INFO  o.a.h.c.h.i.c.HttpRequestRetryExec - Recoverable I/O exception (org.apache.hc.core5.http.NoHttpResponseException) caught when processing request to {}->http://dl.bintray.com:80
2022-11-30 12:35:51,504 [Worker-9: http://dl.bintray.com/testng-team/testng-p2-release/content.xml] INFO  o.a.h.c.h.i.c.HttpRequestRetryExec - Recoverable I/O exception (org.apache.hc.core5.http.NoHttpResponseException) caught when processing request to {}->http://dl.bintray.com:80
2022-11-30 12:36:05,636 [Worker-23: http://dl.bintray.com/testng-team/testng-p2-release/p2.index] INFO  o.a.h.c.h.i.c.HttpRequestRetryExec - Recoverable I/O exception (org.apache.hc.core5.http.NoHttpResponseException) caught when processing request to {}->http://dl.bintray.com:80
2022-11-30 12:36:06,664 [Worker-14: http://dl.bintray.com/testng-team/testng-p2-release/p2.index] INFO  o.a.h.c.h.i.c.HttpRequestRetryExec - Recoverable I/O exception (org.apache.hc.core5.http.NoHttpResponseException) caught when processing request to {}->http://dl.bintray.com:80
2022-11-30 12:36:07,529 [Worker-0: http://dl.bintray.com/testng-team/testng-p2-release/content.jar] INFO  o.a.h.c.h.i.c.HttpRequestRetryExec - Recoverable I/O exception (org.apache.hc.core5.http.NoHttpResponseException) caught when processing request to {}->http://dl.bintray.com:80
2022-11-30 12:36:08,491 [Worker-22: http://dl.bintray.com/testng-team/testng-p2-release/content.xml] INFO  o.a.h.c.h.i.c.HttpRequestRetryExec - Recoverable I/O exception (org.apache.hc.core5.http.NoHttpResponseException) caught when processing request to {}->http://dl.bintray.com:80
2022-11-30 12:36:23,868 [Worker-9: http://dl.bintray.com/testng-team/testng-p2-release/p2.index] INFO  o.a.h.c.h.i.c.HttpRequestRetryExec - Recoverable I/O exception (org.apache.hc.core5.http.NoHttpResponseException) caught when processing request to {}->http://dl.bintray.com:80
2022-11-30 12:36:24,956 [Worker-24: http://dl.bintray.com/testng-team/testng-p2-release/p2.index] INFO  o.a.h.c.h.i.c.HttpRequestRetryExec - Recoverable I/O exception (org.apache.hc.core5.http.NoHttpResponseException) caught when processing request to {}->http://dl.bintray.com:80
2022-11-30 12:36:25,837 [Worker-4: http://dl.bintray.com/testng-team/testng-p2-release/content.jar] INFO  o.a.h.c.h.i.c.HttpRequestRetryExec - Recoverable I/O exception (org.apache.hc.core5.http.NoHttpResponseException) caught when processing request to {}->http://dl.bintray.com:80
2022-11-30 12:36:26,690 [Worker-20: http://dl.bintray.com/testng-team/testng-p2-release/content.xml] INFO  o.a.h.c.h.i.c.HttpRequestRetryExec - Recoverable I/O exception (org.apache.hc.core5.http.NoHttpResponseException) caught when processing request to {}->http://dl.bintray.com:80
2022-11-30 12:36:42,455 [Worker-10: http://dl.bintray.com/testng-team/testng-p2-release/p2.index] INFO  o.a.h.c.h.i.c.HttpRequestRetryExec - Recoverable I/O exception (org.apache.hc.core5.http.NoHttpResponseException) caught when processing request to {}->http://dl.bintray.com:80
2022-11-30 12:36:43,488 [Worker-7: http://dl.bintray.com/testng-team/testng-p2-release/p2.index] INFO  o.a.h.c.h.i.c.HttpRequestRetryExec - Recoverable I/O exception (org.apache.hc.core5.http.NoHttpResponseException) caught when processing request to {}->http://dl.bintray.com:80
2022-11-30 12:36:44,328 [Worker-20: http://dl.bintray.com/testng-team/testng-p2-release/content.jar] INFO  o.a.h.c.h.i.c.HttpRequestRetryExec - Recoverable I/O exception (org.apache.hc.core5.http.NoHttpResponseException) caught when processing request to {}->http://dl.bintray.com:80
2022-11-30 12:36:45,151 [Worker-15: http://dl.bintray.com/testng-team/testng-p2-release/content.xml] INFO  o.a.h.c.h.i.c.HttpRequestRetryExec - Recoverable I/O exception (org.apache.hc.core5.http.NoHttpResponseException) caught when processing request to {}->http://dl.bintray.com:80
2022-11-30 12:36:59,272 [Worker-10: http://dl.bintray.com/testng-team/testng-p2-release/p2.index] INFO  o.a.h.c.h.i.c.HttpRequestRetryExec - Recoverable I/O exception (org.apache.hc.core5.http.NoHttpResponseException) caught when processing request to {}->http://dl.bintray.com:80
2022-11-30 12:37:00,296 [Worker-9: http://dl.bintray.com/testng-team/testng-p2-release/p2.index] INFO  o.a.h.c.h.i.c.HttpRequestRetryExec - Recoverable I/O exception (org.apache.hc.core5.http.NoHttpResponseException) caught when processing request to {}->http://dl.bintray.com:80
2022-11-30 12:37:01,213 [Worker-14: http://dl.bintray.com/testng-team/testng-p2-release/content.jar] INFO  o.a.h.c.h.i.c.HttpRequestRetryExec - Recoverable I/O exception (org.apache.hc.core5.http.NoHttpResponseException) caught when processing request to {}->http://dl.bintray.com:80
2022-11-30 12:37:02,272 [Worker-2: http://dl.bintray.com/testng-team/testng-p2-release/content.xml] INFO  o.a.h.c.h.i.c.HttpRequestRetryExec - Recoverable I/O exception (org.apache.hc.core5.http.NoHttpResponseException) caught when processing request to {}->http://dl.bintray.com:80
2022-11-30 12:37:17,739 [Worker-1: http://dl.bintray.com/testng-team/testng-p2-release/p2.index] INFO  o.a.h.c.h.i.c.HttpRequestRetryExec - Recoverable I/O exception (org.apache.hc.core5.http.NoHttpResponseException) caught when processing request to {}->http://dl.bintray.com:80
2022-11-30 12:37:18,812 [Worker-3: http://dl.bintray.com/testng-team/testng-p2-release/p2.index] INFO  o.a.h.c.h.i.c.HttpRequestRetryExec - Recoverable I/O exception (org.apache.hc.core5.http.NoHttpResponseException) caught when processing request to {}->http://dl.bintray.com:80
2022-11-30 12:37:19,649 [Worker-0: http://dl.bintray.com/testng-team/testng-p2-release/content.jar] INFO  o.a.h.c.h.i.c.HttpRequestRetryExec - Recoverable I/O exception (org.apache.hc.core5.http.NoHttpResponseException) caught when processing request to {}->http://dl.bintray.com:80
2022-11-30 12:37:20,501 [Worker-10: http://dl.bintray.com/testng-team/testng-p2-release/content.xml] INFO  o.a.h.c.h.i.c.HttpRequestRetryExec - Recoverable I/O exception (org.apache.hc.core5.http.NoHttpResponseException) caught when processing request to {}->http://dl.bintray.com:80
2022-11-30 12:37:35,220 [Worker-23: http://dl.bintray.com/testng-team/testng-p2-release/p2.index] INFO  o.a.h.c.h.i.c.HttpRequestRetryExec - Recoverable I/O exception (org.apache.hc.core5.http.NoHttpResponseException) caught when processing request to {}->http://dl.bintray.com:80
2022-11-30 12:37:36,335 [Worker-12: http://dl.bintray.com/testng-team/testng-p2-release/p2.index] INFO  o.a.h.c.h.i.c.HttpRequestRetryExec - Recoverable I/O exception (org.apache.hc.core5.http.NoHttpResponseException) caught when processing request to {}->http://dl.bintray.com:80
2022-11-30 12:37:37,249 [Worker-4: http://dl.bintray.com/testng-team/testng-p2-release/content.jar] INFO  o.a.h.c.h.i.c.HttpRequestRetryExec - Recoverable I/O exception (org.apache.hc.core5.http.NoHttpResponseException) caught when processing request to {}->http://dl.bintray.com:80
2022-11-30 12:37:38,165 [Worker-28: http://dl.bintray.com/testng-team/testng-p2-release/content.xml] INFO  o.a.h.c.h.i.c.HttpRequestRetryExec - Recoverable I/O exception (org.apache.hc.core5.http.NoHttpResponseException) caught when processing request to {}->http://dl.bintray.com:80
2022-11-30 12:37:53,352 [Worker-8: http://dl.bintray.com/testng-team/testng-p2-release/p2.index] INFO  o.a.h.c.h.i.c.HttpRequestRetryExec - Recoverable I/O exception (org.apache.hc.core5.http.NoHttpResponseException) caught when processing request to {}->http://dl.bintray.com:80
2022-11-30 12:37:54,505 [Worker-15: http://dl.bintray.com/testng-team/testng-p2-release/p2.index] INFO  o.a.h.c.h.i.c.HttpRequestRetryExec - Recoverable I/O exception (org.apache.hc.core5.http.NoHttpResponseException) caught when processing request to {}->http://dl.bintray.com:80
2022-11-30 12:37:55,364 [Worker-17: http://dl.bintray.com/testng-team/testng-p2-release/content.jar] INFO  o.a.h.c.h.i.c.HttpRequestRetryExec - Recoverable I/O exception (org.apache.hc.core5.http.NoHttpResponseException) caught when processing request to {}->http://dl.bintray.com:80
2022-11-30 12:37:56,184 [Worker-25: http://dl.bintray.com/testng-team/testng-p2-release/content.xml] INFO  o.a.h.c.h.i.c.HttpRequestRetryExec - Recoverable I/O exception (org.apache.hc.core5.http.NoHttpResponseException) caught when processing request to {}->http://dl.bintray.com:80
2022-11-30 12:38:10,545 [Worker-16: http://dl.bintray.com/testng-team/testng-p2-release/p2.index] INFO  o.a.h.c.h.i.c.HttpRequestRetryExec - Recoverable I/O exception (org.apache.hc.core5.http.NoHttpResponseException) caught when processing request to {}->http://dl.bintray.com:80
2022-11-30 12:38:11,746 [Worker-27: http://dl.bintray.com/testng-team/testng-p2-release/p2.index] INFO  o.a.h.c.h.i.c.HttpRequestRetryExec - Recoverable I/O exception (org.apache.hc.core5.http.NoHttpResponseException) caught when processing request to {}->http://dl.bintray.com:80
2022-11-30 12:38:12,587 [Worker-10: http://dl.bintray.com/testng-team/testng-p2-release/content.jar] INFO  o.a.h.c.h.i.c.HttpRequestRetryExec - Recoverable I/O exception (org.apache.hc.core5.http.NoHttpResponseException) caught when processing request to {}->http://dl.bintray.com:80
2022-11-30 12:38:13,429 [Worker-14: http://dl.bintray.com/testng-team/testng-p2-release/content.xml] INFO  o.a.h.c.h.i.c.HttpRequestRetryExec - Recoverable I/O exception (org.apache.hc.core5.http.NoHttpResponseException) caught when processing request to {}->http://dl.bintray.com:80
2022-12-01 23:08:31,267 [Worker-0: Loading available Gradle versions] INFO  o.e.b.c.i.u.g.PublishedGradleVersions - Gradle version information cache is up-to-date. Trying to read.
2022-12-02 00:18:33,203 [Worker-3: Loading available Gradle versions] INFO  o.e.b.c.i.u.g.PublishedGradleVersions - Gradle version information cache is up-to-date. Trying to read.
2022-12-02 12:37:06,703 [Worker-2: Loading available Gradle versions] INFO  o.e.b.c.i.u.g.PublishedGradleVersions - Gradle version information cache is up-to-date. Trying to read.
2022-12-04 19:27:51,523 [Worker-2: Loading available Gradle versions] INFO  o.e.b.c.i.u.g.PublishedGradleVersions - Gradle version information cache is up-to-date. Trying to read.
2022-12-04 21:33:08,557 [Worker-3: Loading available Gradle versions] INFO  o.e.b.c.i.u.g.PublishedGradleVersions - Gradle version information cache is up-to-date. Trying to read.
2022-12-04 22:04:22,434 [Worker-6: Loading available Gradle versions] INFO  o.e.b.c.i.u.g.PublishedGradleVersions - Gradle version information cache is up-to-date. Trying to read.
2022-12-11 22:10:18,377 [Worker-6: Loading available Gradle versions] INFO  o.e.b.c.i.u.g.PublishedGradleVersions - Gradle version information cache is up-to-date. Trying to read.
2022-12-11 22:18:14,605 [Worker-2: Loading available Gradle versions] INFO  o.e.b.c.i.u.g.PublishedGradleVersions - Gradle version information cache is up-to-date. Trying to read.
2022-12-12 08:12:31,592 [Worker-3: Loading available Gradle versions] INFO  o.e.b.c.i.u.g.PublishedGradleVersions - Gradle version information cache is up-to-date. Trying to read.
2022-12-12 10:12:08,673 [Worker-4: Loading available Gradle versions] INFO  o.e.b.c.i.u.g.PublishedGradleVersions - Gradle version information cache is up-to-date. Trying to read.
2022-12-12 11:25:51,256 [Worker-5: Loading available Gradle versions] INFO  o.e.b.c.i.u.g.PublishedGradleVersions - Gradle version information cache is up-to-date. Trying to read.
